Turbo Assembler	 Version 3.2	    11/13/15 22:00:34	    Page 1
PR1B.ASM



      1	0000			     .MODEL SMALL
      2
      3	0000			     .DATA
      4	0000  01F4			     A DW 500
      5	0002  0190			     B DW 400
      6	0004  0064			     C DW 100
      7
      8	0006			     .CODE
      9
     10	0000  A1 0000r			     MOV AX, A ;movemos	la variable A al registro acumulador AX
     11	0003  2B 06 0002r		     SUB AX, B ;restamos a AX el valor de B
     12	0007  2B 06 0004r		     SUB AX, C ;restamos a AX el valor de C
     13
     14	000B  B4 4C			     MOV AH, 4ch
     15	000D  CD 21			     INT 21h
     16				     END
Turbo Assembler	 Version 3.2	    11/13/15 22:00:34	    Page 2
Symbol Table




Symbol Name			  Type	 Value

??DATE				  Text	 "11/13/15"
??FILENAME			  Text	 "PR1B	  "
??TIME				  Text	 "22:00:34"
??VERSION			  Number 0314
@32BIT				  Text	 0
@CODE				  Text	 _TEXT
@CODESIZE			  Text	 0
@CPU				  Text	 0101H
@CURSEG				  Text	 _TEXT
@DATA				  Text	 DGROUP
@DATASIZE			  Text	 0
@FILENAME			  Text	 PR1B
@INTERFACE			  Text	 00H
@MODEL				  Text	 2
@STACK				  Text	 DGROUP
@WORDSIZE			  Text	 2
A				  Word	 DGROUP:0000
B				  Word	 DGROUP:0002
C				  Word	 DGROUP:0004

Groups & Segments		  Bit Size Align  Combine Class

DGROUP				  Group
  _DATA				  16  0006 Word	  Public  DATA
_TEXT				  16  000F Word	  Public  CODE
